<?xml version="1.0" encoding="UTF-8"?>
<!-- Generated by org.testng.reporters.JUnitReportReporter -->
<testsuite hostname="NB-RW101" name="xero.test.me.TestTheTester" tests="1" failures="0" timestamp="12 Sep 2015 02:12:10 GMT" time="111.576" errors="0">
  <testcase name="testConfiguration" time="111.576" classname="xero.test.me.TestTheTester"/>
</testsuite> <!-- xero.test.me.TestTheTester -->
